# JRE version: OpenJDK Runtime Environment (8.0_152-b01) (build 1.8.0_152-release-1343-b01)
# Java VM: OpenJDK 64-Bit Server VM (25.152-b01 mixed mode windows-amd64 compressed oops)
Heap:
 PSYoungGen      total 376832K, used 87517K [0x00000000e0000000, 0x00000000ff100000, 0x0000000100000000)
  eden space 264192K, 28% used [0x00000000e0000000,0x00000000e4a1bb80,0x00000000f0200000)
  from space 112640K, 10% used [0x00000000f8300000,0x00000000f8e5bb10,0x00000000ff100000)
  to   space 122368K, 0% used [0x00000000f0200000,0x00000000f0200000,0x00000000f7980000)
 ParOldGen       total 344576K, used 266740K [0x00000000a0000000, 0x00000000b5080000, 0x00000000e0000000)
  object space 344576K, 77% used [0x00000000a0000000,0x00000000b047d318,0x00000000b5080000)
 Metaspace       used 96594K, capacity 101580K, committed 101912K, reserved 1138688K
  class space    used 12158K, capacity 13009K, committed 13096K, reserved 1048576K
GC Heap History (10 events):
Event: 6562.504 GC heap before
{Heap before GC invocations=42 (full 4):
 PSYoungGen      total 387584K, used 387508K [0x00000000e0000000, 0x0000000100000000, 0x0000000100000000)
  eden space 301568K, 100% used [0x00000000e0000000,0x00000000f2680000,0x00000000f2680000)
  from space 86016K, 99% used [0x00000000f2680000,0x00000000f7a6d298,0x00000000f7a80000)
  to   space 123392K, 0% used [0x00000000f8780000,0x00000000f8780000,0x0000000100000000)
 ParOldGen       total 344576K, used 266180K [0x00000000a0000000, 0x00000000b5080000, 0x00000000e0000000)
  object space 344576K, 77% used [0x00000000a0000000,0x00000000b03f1318,0x00000000b5080000)
 Metaspace       used 94034K, capacity 98196K, committed 98456K, reserved 1134592K
  class space    used 11855K, capacity 12608K, committed 12712K, reserved 1048576K
Event: 6562.571 GC heap after
Heap after GC invocations=42 (full 4):
 PSYoungGen      total 404992K, used 2800K [0x00000000e0000000, 0x0000000100000000, 0x0000000100000000)
  eden space 281600K, 0% used [0x00000000e0000000,0x00000000e0000000,0x00000000f1300000)
  from space 123392K, 2% used [0x00000000f8780000,0x00000000f8a3c118,0x0000000100000000)
  to   space 119296K, 0% used [0x00000000f1300000,0x00000000f1300000,0x00000000f8780000)
 ParOldGen       total 344576K, used 266332K [0x00000000a0000000, 0x00000000b5080000, 0x00000000e0000000)
  object space 344576K, 77% used [0x00000000a0000000,0x00000000b0417318,0x00000000b5080000)
 Metaspace       used 94034K, capacity 98196K, committed 98456K, reserved 1134592K
  class space    used 11855K, capacity 12608K, committed 12712K, reserved 1048576K
}
Event: 6568.008 GC heap before
{Heap before GC invocations=43 (full 4):
 PSYoungGen      total 404992K, used 284400K [0x00000000e0000000, 0x0000000100000000, 0x0000000100000000)
  eden space 281600K, 100% used [0x00000000e0000000,0x00000000f1300000,0x00000000f1300000)
  from space 123392K, 2% used [0x00000000f8780000,0x00000000f8a3c118,0x0000000100000000)
  to   space 119296K, 0% used [0x00000000f1300000,0x00000000f1300000,0x00000000f8780000)
 ParOldGen       total 344576K, used 266332K [0x00000000a0000000, 0x00000000b5080000, 0x00000000e0000000)
  object space 344576K, 77% used [0x00000000a0000000,0x00000000b0417318,0x00000000b5080000)
 Metaspace       used 94246K, capacity 98430K, committed 98712K, reserved 1134592K
  class space    used 11859K, capacity 12615K, committed 12712K, reserved 1048576K
Event: 6568.075 GC heap after
Heap after GC invocations=43 (full 4):
 PSYoungGen      total 301568K, used 19616K [0x00000000e0000000, 0x00000000fef00000, 0x0000000100000000)
  eden space 281600K, 0% used [0x00000000e0000000,0x00000000e0000000,0x00000000f1300000)
  from space 19968K, 98% used [0x00000000f1300000,0x00000000f2628198,0x00000000f2680000)
  to   space 112640K, 0% used [0x00000000f8100000,0x00000000f8100000,0x00000000fef00000)
 ParOldGen       total 344576K, used 266404K [0x00000000a0000000, 0x00000000b5080000, 0x00000000e0000000)
  object space 344576K, 77% used [0x00000000a0000000,0x00000000b0429318,0x00000000b5080000)
 Metaspace       used 94246K, capacity 98430K, committed 98712K, reserved 1134592K
  class space    used 11859K, capacity 12615K, committed 12712K, reserved 1048576K
}
Event: 6570.119 GC heap before
{Heap before GC invocations=44 (full 4):
 PSYoungGen      total 301568K, used 301216K [0x00000000e0000000, 0x00000000fef00000, 0x0000000100000000)
  eden space 281600K, 100% used [0x00000000e0000000,0x00000000f1300000,0x00000000f1300000)
  from space 19968K, 98% used [0x00000000f1300000,0x00000000f2628198,0x00000000f2680000)
  to   space 112640K, 0% used [0x00000000f8100000,0x00000000f8100000,0x00000000fef00000)
 ParOldGen       total 344576K, used 266404K [0x00000000a0000000, 0x00000000b5080000, 0x00000000e0000000)
  object space 344576K, 77% used [0x00000000a0000000,0x00000000b0429318,0x00000000b5080000)
 Metaspace       used 94367K, capacity 98570K, committed 98712K, reserved 1134592K
  class space    used 11859K, capacity 12615K, committed 12712K, reserved 1048576K
Event: 6570.306 GC heap after
Heap after GC invocations=44 (full 4):
 PSYoungGen      total 372736K, used 104697K [0x00000000e0000000, 0x0000000100000000, 0x0000000100000000)
  eden space 260096K, 0% used [0x00000000e0000000,0x00000000e0000000,0x00000000efe00000)
  from space 112640K, 92% used [0x00000000f8100000,0x00000000fe73e558,0x00000000fef00000)
  to   space 132096K, 0% used [0x00000000efe00000,0x00000000efe00000,0x00000000f7f00000)
 ParOldGen       total 344576K, used 266524K [0x00000000a0000000, 0x00000000b5080000, 0x00000000e0000000)
  object space 344576K, 77% used [0x00000000a0000000,0x00000000b0447318,0x00000000b5080000)
 Metaspace       used 94367K, capacity 98570K, committed 98712K, reserved 1134592K
  class space    used 11859K, capacity 12615K, committed 12712K, reserved 1048576K
}
Event: 6699.289 GC heap before
{Heap before GC invocations=45 (full 4):
 PSYoungGen      total 372736K, used 364793K [0x00000000e0000000, 0x0000000100000000, 0x0000000100000000)
  eden space 260096K, 100% used [0x00000000e0000000,0x00000000efe00000,0x00000000efe00000)
  from space 112640K, 92% used [0x00000000f8100000,0x00000000fe73e558,0x00000000fef00000)
  to   space 132096K, 0% used [0x00000000efe00000,0x00000000efe00000,0x00000000f7f00000)
 ParOldGen       total 344576K, used 266524K [0x00000000a0000000, 0x00000000b5080000, 0x00000000e0000000)
  object space 344576K, 77% used [0x00000000a0000000,0x00000000b0447318,0x00000000b5080000)
 Metaspace       used 94444K, capacity 98710K, committed 98968K, reserved 1136640K
  class space    used 11860K, capacity 12617K, committed 12712K, reserved 1048576K
Event: 6699.323 GC heap after
Heap after GC invocations=45 (full 4):
 PSYoungGen      total 392192K, used 5312K [0x00000000e0000000, 0x0000000100000000, 0x0000000100000000)
  eden space 260096K, 0% used [0x00000000e0000000,0x00000000e0000000,0x00000000efe00000)
  from space 132096K, 4% used [0x00000000efe00000,0x00000000f0330148,0x00000000f7f00000)
  to   space 128000K, 0% used [0x00000000f8300000,0x00000000f8300000,0x0000000100000000)
 ParOldGen       total 344576K, used 266556K [0x00000000a0000000, 0x00000000b5080000, 0x00000000e0000000)
  object space 344576K, 77% used [0x00000000a0000000,0x00000000b044f318,0x00000000b5080000)
 Metaspace       used 94444K, capacity 98710K, committed 98968K, reserved 1136640K
  class space    used 11860K, capacity 12617K, committed 12712K, reserved 1048576K
}
Event: 6704.015 GC heap before
{Heap before GC invocations=46 (full 4):
 PSYoungGen      total 392192K, used 265408K [0x00000000e0000000, 0x0000000100000000, 0x0000000100000000)
  eden space 260096K, 100% used [0x00000000e0000000,0x00000000efe00000,0x00000000efe00000)
  from space 132096K, 4% used [0x00000000efe00000,0x00000000f0330148,0x00000000f7f00000)
  to   space 128000K, 0% used [0x00000000f8300000,0x00000000f8300000,0x0000000100000000)
 ParOldGen       total 344576K, used 266556K [0x00000000a0000000, 0x00000000b5080000, 0x00000000e0000000)
  object space 344576K, 77% used [0x00000000a0000000,0x00000000b044f318,0x00000000b5080000)
 Metaspace       used 95230K, capacity 99430K, committed 99736K, reserved 1136640K
  class space    used 11937K, capacity 12685K, committed 12712K, reserved 1048576K
Event: 6704.041 GC heap after
Heap after GC invocations=46 (full 4):
 PSYoungGen      total 376832K, used 11630K [0x00000000e0000000, 0x00000000ff100000, 0x0000000100000000)
  eden space 264192K, 0% used [0x00000000e0000000,0x00000000e0000000,0x00000000f0200000)
  from space 112640K, 10% used [0x00000000f8300000,0x00000000f8e5bb10,0x00000000ff100000)
  to   space 122368K, 0% used [0x00000000f0200000,0x00000000f0200000,0x00000000f7980000)
 ParOldGen       total 344576K, used 266740K [0x00000000a0000000, 0x00000000b5080000, 0x00000000e0000000)
  object space 344576K, 77% used [0x00000000a0000000,0x00000000b047d318,0x00000000b5080000)
 Metaspace       used 95230K, capacity 99430K, committed 99736K, reserved 1136640K
  class space    used 11937K, capacity 12685K, committed 12712K, reserved 1048576K
}

